<?xml version="1.0" encoding="UTF-8"?>
<!-- Generated by org.testng.reporters.JUnitReportReporter -->
<testsuite hostname="Dhanu-PC" name="com.catracker.modules.Accounts.ReadDataFromPropertiesFile" tests="1" failures="0" timestamp="24 Apr 2017 02:02:57 GMT" time="0.025" errors="0">
  <testcase name="readValuesFromPropertiesFile" time="0.025" classname="com.catracker.modules.Accounts.ReadDataFromPropertiesFile"/>
</testsuite> <!-- com.catracker.modules.Accounts.ReadDataFromPropertiesFile -->
