<?xml version="1.0" encoding="UTF-8"?>
<!-- Generated by org.testng.reporters.JUnitReportReporter -->
<testsuite hostname="Dhanu-PC" name="Demo.SampleTestNG" tests="2" failures="0" timestamp="14 Dec 2016 03:46:10 GMT" time="0.017" errors="0">
  <testcase name="TC3" time="0.015" classname="Demo.SampleTestNG"/>
  <testcase name="TC1" time="0.002" classname="Demo.SampleTestNG"/>
</testsuite> <!-- Demo.SampleTestNG -->
