<?xml version="1.0" encoding="UTF-8"?>
<!-- Generated by org.testng.reporters.JUnitReportReporter -->
<testsuite hostname="sys-PC" name="com.catracker.modules.ActualResultDemo" tests="1" failures="0" timestamp="16 Oct 2016 08:28:23 GMT" time="9.590" errors="0">
  <testcase name="sample" time="9.590" classname="com.catracker.modules.ActualResultDemo"/>
</testsuite> <!-- com.catracker.modules.ActualResultDemo -->
