<?xml version="1.0" encoding="UTF-8"?>
<!-- Generated by org.testng.reporters.JUnitReportReporter -->
<testsuite hostname="Dhanu-PC" name="Demo.NewTest" tests="3" failures="0" timestamp="19 Dec 2016 02:50:07 GMT" time="0.016" errors="0">
  <testcase name="f1" time="0.003" classname="Demo.NewTest"/>
  <testcase name="f" time="0.010" classname="Demo.NewTest"/>
  <testcase name="f2" time="0.003" classname="Demo.NewTest"/>
</testsuite> <!-- Demo.NewTest -->
