<?xml version="1.0" encoding="UTF-8"?>
<!-- Generated by org.testng.reporters.JUnitReportReporter -->
<testsuite hostname="Dhanu-PC" name="com.catracker.modules.Accounts.AgentXXX" tests="1" failures="0" timestamp="24 Apr 2017 02:51:59 GMT" time="10.598" errors="0">
  <testcase name="TC1" time="10.598" classname="com.catracker.modules.Accounts.AgentXXX"/>
</testsuite> <!-- com.catracker.modules.Accounts.AgentXXX -->
