<?xml version="1.0" encoding="UTF-8"?>
<!-- Generated by org.testng.reporters.JUnitReportReporter -->
<testsuite hostname="Dhanu-PC" name="com.catracker.modules.TestNG.DependsOnGroups" tests="1" failures="0" timestamp="16 Apr 2017 07:01:57 GMT" time="0.008" errors="0">
  <testcase name="method1" time="0.008" classname="com.catracker.modules.TestNG.DependsOnGroups"/>
</testsuite> <!-- com.catracker.modules.TestNG.DependsOnGroups -->
