<?xml version="1.0" encoding="UTF-8"?>
<!-- Generated by org.testng.reporters.JUnitReportReporter -->
<testsuite hostname="Dhanu-PC" name="com.catracker.modules.Accounts.AssertsExample" tests="1" failures="0" timestamp="10 Apr 2017 01:45:11 GMT" time="12.791" errors="0">
  <testcase name="sample" time="12.791" classname="com.catracker.modules.Accounts.AssertsExample"/>
</testsuite> <!-- com.catracker.modules.Accounts.AssertsExample -->
