<?xml version="1.0" encoding="UTF-8"?>
<!-- Generated by org.testng.reporters.JUnitReportReporter -->
<testsuite hostname="Dhanu-PC" name="Demo.FlowOfAnatations" tests="4" failures="0" timestamp="19 Dec 2016 03:20:52 GMT" time="0.024" errors="0">
  <testcase name="f1" time="0.003" classname="Demo.FlowOfAnatations"/>
  <testcase name="f" time="0.016" classname="Demo.FlowOfAnatations"/>
  <testcase name="f3" time="0.002" classname="Demo.FlowOfAnatations"/>
  <testcase name="f2" time="0.003" classname="Demo.FlowOfAnatations"/>
</testsuite> <!-- Demo.FlowOfAnatations -->
