<?xml version="1.0" encoding="UTF-8"?>
<!-- Generated by org.testng.reporters.JUnitReportReporter -->
<testsuite hostname="Dhanu-PC" name="com.catracker.modules.CATracker" tests="2" failures="0" timestamp="18 Oct 2016 22:58:50 GMT" time="19.199" errors="0">
  <testcase name="caTracker" time="19.132" classname="com.catracker.modules.CATracker"/>
  <testcase name="sample" time="0.067" classname="com.catracker.modules.CATracker"/>
</testsuite> <!-- com.catracker.modules.CATracker -->
