<?xml version="1.0" encoding="UTF-8"?>
<!-- Generated by org.testng.reporters.JUnitReportReporter -->
<testsuite hostname="Dhanu-PC" name="com.catracker.modules.TestNG.GroupsAndMethods" tests="4" failures="0" timestamp="16 Apr 2017 07:01:57 GMT" time="0.022" errors="0">
  <testcase name="testCaseFour" time="0.015" classname="com.catracker.modules.TestNG.GroupsAndMethods"/>
  <testcase name="testCaseThree" time="0.002" classname="com.catracker.modules.TestNG.GroupsAndMethods"/>
  <testcase name="testCaseTwo" time="0.002" classname="com.catracker.modules.TestNG.GroupsAndMethods"/>
  <testcase name="testCaseOne" time="0.003" classname="com.catracker.modules.TestNG.GroupsAndMethods"/>
</testsuite> <!-- com.catracker.modules.TestNG.GroupsAndMethods -->
