<?xml version="1.0" encoding="UTF-8"?>
<!-- Generated by org.testng.reporters.JUnitReportReporter -->
<testsuite hostname="Dhanu-PC" name="com.catracker.modules.TestNG.FlowOfAnatations" tests="2" failures="0" timestamp="16 Apr 2017 06:16:13 GMT" time="0.017" errors="0">
  <testcase name="testCase2" time="0.004" classname="com.catracker.modules.TestNG.FlowOfAnatations"/>
  <testcase name="testCase1" time="0.013" classname="com.catracker.modules.TestNG.FlowOfAnatations"/>
</testsuite> <!-- com.catracker.modules.TestNG.FlowOfAnatations -->
