<?xml version="1.0" encoding="UTF-8"?>
<!-- Generated by org.testng.reporters.JUnitReportReporter -->
<testsuite hostname="Dhanu-PC" name="com.catracker.modules.TestNG.Basics" tests="1" failures="0" timestamp="16 Apr 2017 06:33:15 GMT" time="0.017" errors="0">
  <testcase name="TC3" time="0.017" classname="com.catracker.modules.TestNG.Basics"/>
</testsuite> <!-- com.catracker.modules.TestNG.Basics -->
