<?xml version="1.0" encoding="UTF-8"?>
<!-- Generated by org.testng.reporters.JUnitReportReporter -->
<testsuite hostname="sys-PC" name="com.catracker.modules.SingleLogTest" tests="1" failures="0" timestamp="16 Oct 2016 05:01:13 GMT" time="0.083" errors="0">
  <testcase name="passTest" time="0.083" classname="com.catracker.modules.SingleLogTest"/>
</testsuite> <!-- com.catracker.modules.SingleLogTest -->
